<?xml version="1.0" encoding="UTF-8"?>
<!-- Generated by org.testng.reporters.JUnitReportReporter -->
<testsuite hostname="DESKTOP-OJERK3R" failures="0" tests="3" name="com.SwagLabs.TestCases.LoginPageTest" time="0.063" errors="0" timestamp="2025-05-19T19:00:47 IST" skipped="0">
  <testcase classname="com.SwagLabs.TestCases.LoginPageTest" name="VerifyApplicationUrl" time="0.038"/>
  <testcase classname="com.SwagLabs.TestCases.LoginPageTest" name="VerifyApplicationTitle" time="0.019"/>
  <testcase classname="com.SwagLabs.TestCases.LoginPageTest" name="VerifyLogin" time="0.006"/>
</testsuite> <!-- com.SwagLabs.TestCases.LoginPageTest -->
